2016-03-24 14:57:06,660 [5] ERROR: 
<Exception details>
    We have detected an exception. Message output start
    [Date and time of occurrence]
        2016/03/24 07:57:06
    [Member Name]
        Application_Error
    [Source Path]
        D:\Document\meme-app\Framework\Web\Global.asax.cs
    [Source Line Number]
        59
    [Message content]
        Object reference not set to an instance of an object.
    [Stack on the internal exception]
    [Exception class]      System.NullReferenceException
    [Exception message]    Object reference not set to an instance of an object.
    [Exception stack trace]   at Web.WebApiApplication.Application_PostAuthenticateRequest(Object sender, EventArgs e) in D:\Document\meme-app\Framework\Web\Global.asax.cs:line 129
   at System.Web.HttpApplication.SyncEventExecutionStep.System.Web.HttpApplication.IExecutionStep.Execute()
   at System.Web.HttpApplication.ExecuteStep(IExecutionStep step, Boolean& completedSynchronously)
</Exception details>



2016-03-24 14:57:07,814 [7] ERROR: 
<Exception details>
    We have detected an exception. Message output start
    [Date and time of occurrence]
        2016/03/24 07:57:07
    [Member Name]
        Application_Error
    [Source Path]
        D:\Document\meme-app\Framework\Web\Global.asax.cs
    [Source Line Number]
        59
    [Message content]
        Object reference not set to an instance of an object.
    [Stack on the internal exception]
    [Exception class]      System.NullReferenceException
    [Exception message]    Object reference not set to an instance of an object.
    [Exception stack trace]   at Web.WebApiApplication.Application_PostAuthenticateRequest(Object sender, EventArgs e) in D:\Document\meme-app\Framework\Web\Global.asax.cs:line 129
   at System.Web.HttpApplication.SyncEventExecutionStep.System.Web.HttpApplication.IExecutionStep.Execute()
   at System.Web.HttpApplication.ExecuteStep(IExecutionStep step, Boolean& completedSynchronously)
</Exception details>



2016-03-24 14:57:08,548 [7] ERROR: 
<Exception details>
    We have detected an exception. Message output start
    [Date and time of occurrence]
        2016/03/24 07:57:08
    [Member Name]
        Application_Error
    [Source Path]
        D:\Document\meme-app\Framework\Web\Global.asax.cs
    [Source Line Number]
        59
    [Message content]
        Object reference not set to an instance of an object.
    [Stack on the internal exception]
    [Exception class]      System.NullReferenceException
    [Exception message]    Object reference not set to an instance of an object.
    [Exception stack trace]   at Web.WebApiApplication.Application_PostAuthenticateRequest(Object sender, EventArgs e) in D:\Document\meme-app\Framework\Web\Global.asax.cs:line 129
   at System.Web.HttpApplication.SyncEventExecutionStep.System.Web.HttpApplication.IExecutionStep.Execute()
   at System.Web.HttpApplication.ExecuteStep(IExecutionStep step, Boolean& completedSynchronously)
</Exception details>



2016-03-24 14:57:09,268 [8] ERROR: 
<Exception details>
    We have detected an exception. Message output start
    [Date and time of occurrence]
        2016/03/24 07:57:09
    [Member Name]
        Application_Error
    [Source Path]
        D:\Document\meme-app\Framework\Web\Global.asax.cs
    [Source Line Number]
        59
    [Message content]
        Object reference not set to an instance of an object.
    [Stack on the internal exception]
    [Exception class]      System.NullReferenceException
    [Exception message]    Object reference not set to an instance of an object.
    [Exception stack trace]   at Web.WebApiApplication.Application_PostAuthenticateRequest(Object sender, EventArgs e) in D:\Document\meme-app\Framework\Web\Global.asax.cs:line 129
   at System.Web.HttpApplication.SyncEventExecutionStep.System.Web.HttpApplication.IExecutionStep.Execute()
   at System.Web.HttpApplication.ExecuteStep(IExecutionStep step, Boolean& completedSynchronously)
</Exception details>



2016-03-24 14:57:09,862 [9] ERROR: 
<Exception details>
    We have detected an exception. Message output start
    [Date and time of occurrence]
        2016/03/24 07:57:09
    [Member Name]
        Application_Error
    [Source Path]
        D:\Document\meme-app\Framework\Web\Global.asax.cs
    [Source Line Number]
        59
    [Message content]
        Object reference not set to an instance of an object.
    [Stack on the internal exception]
    [Exception class]      System.NullReferenceException
    [Exception message]    Object reference not set to an instance of an object.
    [Exception stack trace]   at Web.WebApiApplication.Application_PostAuthenticateRequest(Object sender, EventArgs e) in D:\Document\meme-app\Framework\Web\Global.asax.cs:line 129
   at System.Web.HttpApplication.SyncEventExecutionStep.System.Web.HttpApplication.IExecutionStep.Execute()
   at System.Web.HttpApplication.ExecuteStep(IExecutionStep step, Boolean& completedSynchronously)
</Exception details>



2016-03-24 14:57:10,086 [7] ERROR: 
<Exception details>
    We have detected an exception. Message output start
    [Date and time of occurrence]
        2016/03/24 07:57:10
    [Member Name]
        Application_Error
    [Source Path]
        D:\Document\meme-app\Framework\Web\Global.asax.cs
    [Source Line Number]
        59
    [Message content]
        Object reference not set to an instance of an object.
    [Stack on the internal exception]
    [Exception class]      System.NullReferenceException
    [Exception message]    Object reference not set to an instance of an object.
    [Exception stack trace]   at Web.WebApiApplication.Application_PostAuthenticateRequest(Object sender, EventArgs e) in D:\Document\meme-app\Framework\Web\Global.asax.cs:line 129
   at System.Web.HttpApplication.SyncEventExecutionStep.System.Web.HttpApplication.IExecutionStep.Execute()
   at System.Web.HttpApplication.ExecuteStep(IExecutionStep step, Boolean& completedSynchronously)
</Exception details>



2016-03-24 14:57:10,303 [5] ERROR: 
<Exception details>
    We have detected an exception. Message output start
    [Date and time of occurrence]
        2016/03/24 07:57:10
    [Member Name]
        Application_Error
    [Source Path]
        D:\Document\meme-app\Framework\Web\Global.asax.cs
    [Source Line Number]
        59
    [Message content]
        Object reference not set to an instance of an object.
    [Stack on the internal exception]
    [Exception class]      System.NullReferenceException
    [Exception message]    Object reference not set to an instance of an object.
    [Exception stack trace]   at Web.WebApiApplication.Application_PostAuthenticateRequest(Object sender, EventArgs e) in D:\Document\meme-app\Framework\Web\Global.asax.cs:line 129
   at System.Web.HttpApplication.SyncEventExecutionStep.System.Web.HttpApplication.IExecutionStep.Execute()
   at System.Web.HttpApplication.ExecuteStep(IExecutionStep step, Boolean& completedSynchronously)
</Exception details>



2016-03-24 14:57:10,510 [8] ERROR: 
<Exception details>
    We have detected an exception. Message output start
    [Date and time of occurrence]
        2016/03/24 07:57:10
    [Member Name]
        Application_Error
    [Source Path]
        D:\Document\meme-app\Framework\Web\Global.asax.cs
    [Source Line Number]
        59
    [Message content]
        Object reference not set to an instance of an object.
    [Stack on the internal exception]
    [Exception class]      System.NullReferenceException
    [Exception message]    Object reference not set to an instance of an object.
    [Exception stack trace]   at Web.WebApiApplication.Application_PostAuthenticateRequest(Object sender, EventArgs e) in D:\Document\meme-app\Framework\Web\Global.asax.cs:line 129
   at System.Web.HttpApplication.SyncEventExecutionStep.System.Web.HttpApplication.IExecutionStep.Execute()
   at System.Web.HttpApplication.ExecuteStep(IExecutionStep step, Boolean& completedSynchronously)
</Exception details>



2016-03-24 14:57:10,717 [9] ERROR: 
<Exception details>
    We have detected an exception. Message output start
    [Date and time of occurrence]
        2016/03/24 07:57:10
    [Member Name]
        Application_Error
    [Source Path]
        D:\Document\meme-app\Framework\Web\Global.asax.cs
    [Source Line Number]
        59
    [Message content]
        Object reference not set to an instance of an object.
    [Stack on the internal exception]
    [Exception class]      System.NullReferenceException
    [Exception message]    Object reference not set to an instance of an object.
    [Exception stack trace]   at Web.WebApiApplication.Application_PostAuthenticateRequest(Object sender, EventArgs e) in D:\Document\meme-app\Framework\Web\Global.asax.cs:line 129
   at System.Web.HttpApplication.SyncEventExecutionStep.System.Web.HttpApplication.IExecutionStep.Execute()
   at System.Web.HttpApplication.ExecuteStep(IExecutionStep step, Boolean& completedSynchronously)
</Exception details>



2016-03-24 14:57:10,909 [7] ERROR: 
<Exception details>
    We have detected an exception. Message output start
    [Date and time of occurrence]
        2016/03/24 07:57:10
    [Member Name]
        Application_Error
    [Source Path]
        D:\Document\meme-app\Framework\Web\Global.asax.cs
    [Source Line Number]
        59
    [Message content]
        Object reference not set to an instance of an object.
    [Stack on the internal exception]
    [Exception class]      System.NullReferenceException
    [Exception message]    Object reference not set to an instance of an object.
    [Exception stack trace]   at Web.WebApiApplication.Application_PostAuthenticateRequest(Object sender, EventArgs e) in D:\Document\meme-app\Framework\Web\Global.asax.cs:line 129
   at System.Web.HttpApplication.SyncEventExecutionStep.System.Web.HttpApplication.IExecutionStep.Execute()
   at System.Web.HttpApplication.ExecuteStep(IExecutionStep step, Boolean& completedSynchronously)
</Exception details>



2016-03-24 14:57:11,118 [8] ERROR: 
<Exception details>
    We have detected an exception. Message output start
    [Date and time of occurrence]
        2016/03/24 07:57:11
    [Member Name]
        Application_Error
    [Source Path]
        D:\Document\meme-app\Framework\Web\Global.asax.cs
    [Source Line Number]
        59
    [Message content]
        Object reference not set to an instance of an object.
    [Stack on the internal exception]
    [Exception class]      System.NullReferenceException
    [Exception message]    Object reference not set to an instance of an object.
    [Exception stack trace]   at Web.WebApiApplication.Application_PostAuthenticateRequest(Object sender, EventArgs e) in D:\Document\meme-app\Framework\Web\Global.asax.cs:line 129
   at System.Web.HttpApplication.SyncEventExecutionStep.System.Web.HttpApplication.IExecutionStep.Execute()
   at System.Web.HttpApplication.ExecuteStep(IExecutionStep step, Boolean& completedSynchronously)
</Exception details>



2016-03-24 14:57:11,322 [7] ERROR: 
<Exception details>
    We have detected an exception. Message output start
    [Date and time of occurrence]
        2016/03/24 07:57:11
    [Member Name]
        Application_Error
    [Source Path]
        D:\Document\meme-app\Framework\Web\Global.asax.cs
    [Source Line Number]
        59
    [Message content]
        Object reference not set to an instance of an object.
    [Stack on the internal exception]
    [Exception class]      System.NullReferenceException
    [Exception message]    Object reference not set to an instance of an object.
    [Exception stack trace]   at Web.WebApiApplication.Application_PostAuthenticateRequest(Object sender, EventArgs e) in D:\Document\meme-app\Framework\Web\Global.asax.cs:line 129
   at System.Web.HttpApplication.SyncEventExecutionStep.System.Web.HttpApplication.IExecutionStep.Execute()
   at System.Web.HttpApplication.ExecuteStep(IExecutionStep step, Boolean& completedSynchronously)
</Exception details>



2016-03-24 14:57:11,535 [5] ERROR: 
<Exception details>
    We have detected an exception. Message output start
    [Date and time of occurrence]
        2016/03/24 07:57:11
    [Member Name]
        Application_Error
    [Source Path]
        D:\Document\meme-app\Framework\Web\Global.asax.cs
    [Source Line Number]
        59
    [Message content]
        Object reference not set to an instance of an object.
    [Stack on the internal exception]
    [Exception class]      System.NullReferenceException
    [Exception message]    Object reference not set to an instance of an object.
    [Exception stack trace]   at Web.WebApiApplication.Application_PostAuthenticateRequest(Object sender, EventArgs e) in D:\Document\meme-app\Framework\Web\Global.asax.cs:line 129
   at System.Web.HttpApplication.SyncEventExecutionStep.System.Web.HttpApplication.IExecutionStep.Execute()
   at System.Web.HttpApplication.ExecuteStep(IExecutionStep step, Boolean& completedSynchronously)
</Exception details>



2016-03-24 14:57:11,742 [8] ERROR: 
<Exception details>
    We have detected an exception. Message output start
    [Date and time of occurrence]
        2016/03/24 07:57:11
    [Member Name]
        Application_Error
    [Source Path]
        D:\Document\meme-app\Framework\Web\Global.asax.cs
    [Source Line Number]
        59
    [Message content]
        Object reference not set to an instance of an object.
    [Stack on the internal exception]
    [Exception class]      System.NullReferenceException
    [Exception message]    Object reference not set to an instance of an object.
    [Exception stack trace]   at Web.WebApiApplication.Application_PostAuthenticateRequest(Object sender, EventArgs e) in D:\Document\meme-app\Framework\Web\Global.asax.cs:line 129
   at System.Web.HttpApplication.SyncEventExecutionStep.System.Web.HttpApplication.IExecutionStep.Execute()
   at System.Web.HttpApplication.ExecuteStep(IExecutionStep step, Boolean& completedSynchronously)
</Exception details>



2016-03-24 14:57:11,940 [7] ERROR: 
<Exception details>
    We have detected an exception. Message output start
    [Date and time of occurrence]
        2016/03/24 07:57:11
    [Member Name]
        Application_Error
    [Source Path]
        D:\Document\meme-app\Framework\Web\Global.asax.cs
    [Source Line Number]
        59
    [Message content]
        Object reference not set to an instance of an object.
    [Stack on the internal exception]
    [Exception class]      System.NullReferenceException
    [Exception message]    Object reference not set to an instance of an object.
    [Exception stack trace]   at Web.WebApiApplication.Application_PostAuthenticateRequest(Object sender, EventArgs e) in D:\Document\meme-app\Framework\Web\Global.asax.cs:line 129
   at System.Web.HttpApplication.SyncEventExecutionStep.System.Web.HttpApplication.IExecutionStep.Execute()
   at System.Web.HttpApplication.ExecuteStep(IExecutionStep step, Boolean& completedSynchronously)
</Exception details>



2016-03-24 14:57:12,123 [8] ERROR: 
<Exception details>
    We have detected an exception. Message output start
    [Date and time of occurrence]
        2016/03/24 07:57:12
    [Member Name]
        Application_Error
    [Source Path]
        D:\Document\meme-app\Framework\Web\Global.asax.cs
    [Source Line Number]
        59
    [Message content]
        Object reference not set to an instance of an object.
    [Stack on the internal exception]
    [Exception class]      System.NullReferenceException
    [Exception message]    Object reference not set to an instance of an object.
    [Exception stack trace]   at Web.WebApiApplication.Application_PostAuthenticateRequest(Object sender, EventArgs e) in D:\Document\meme-app\Framework\Web\Global.asax.cs:line 129
   at System.Web.HttpApplication.SyncEventExecutionStep.System.Web.HttpApplication.IExecutionStep.Execute()
   at System.Web.HttpApplication.ExecuteStep(IExecutionStep step, Boolean& completedSynchronously)
</Exception details>



2016-03-24 14:57:12,332 [7] ERROR: 
<Exception details>
    We have detected an exception. Message output start
    [Date and time of occurrence]
        2016/03/24 07:57:12
    [Member Name]
        Application_Error
    [Source Path]
        D:\Document\meme-app\Framework\Web\Global.asax.cs
    [Source Line Number]
        59
    [Message content]
        Object reference not set to an instance of an object.
    [Stack on the internal exception]
    [Exception class]      System.NullReferenceException
    [Exception message]    Object reference not set to an instance of an object.
    [Exception stack trace]   at Web.WebApiApplication.Application_PostAuthenticateRequest(Object sender, EventArgs e) in D:\Document\meme-app\Framework\Web\Global.asax.cs:line 129
   at System.Web.HttpApplication.SyncEventExecutionStep.System.Web.HttpApplication.IExecutionStep.Execute()
   at System.Web.HttpApplication.ExecuteStep(IExecutionStep step, Boolean& completedSynchronously)
</Exception details>



2016-03-24 14:57:12,568 [9] ERROR: 
<Exception details>
    We have detected an exception. Message output start
    [Date and time of occurrence]
        2016/03/24 07:57:12
    [Member Name]
        Application_Error
    [Source Path]
        D:\Document\meme-app\Framework\Web\Global.asax.cs
    [Source Line Number]
        59
    [Message content]
        Object reference not set to an instance of an object.
    [Stack on the internal exception]
    [Exception class]      System.NullReferenceException
    [Exception message]    Object reference not set to an instance of an object.
    [Exception stack trace]   at Web.WebApiApplication.Application_PostAuthenticateRequest(Object sender, EventArgs e) in D:\Document\meme-app\Framework\Web\Global.asax.cs:line 129
   at System.Web.HttpApplication.SyncEventExecutionStep.System.Web.HttpApplication.IExecutionStep.Execute()
   at System.Web.HttpApplication.ExecuteStep(IExecutionStep step, Boolean& completedSynchronously)
</Exception details>



2016-03-24 14:57:12,761 [8] ERROR: 
<Exception details>
    We have detected an exception. Message output start
    [Date and time of occurrence]
        2016/03/24 07:57:12
    [Member Name]
        Application_Error
    [Source Path]
        D:\Document\meme-app\Framework\Web\Global.asax.cs
    [Source Line Number]
        59
    [Message content]
        Object reference not set to an instance of an object.
    [Stack on the internal exception]
    [Exception class]      System.NullReferenceException
    [Exception message]    Object reference not set to an instance of an object.
    [Exception stack trace]   at Web.WebApiApplication.Application_PostAuthenticateRequest(Object sender, EventArgs e) in D:\Document\meme-app\Framework\Web\Global.asax.cs:line 129
   at System.Web.HttpApplication.SyncEventExecutionStep.System.Web.HttpApplication.IExecutionStep.Execute()
   at System.Web.HttpApplication.ExecuteStep(IExecutionStep step, Boolean& completedSynchronously)
</Exception details>



2016-03-24 14:57:12,974 [7] ERROR: 
<Exception details>
    We have detected an exception. Message output start
    [Date and time of occurrence]
        2016/03/24 07:57:12
    [Member Name]
        Application_Error
    [Source Path]
        D:\Document\meme-app\Framework\Web\Global.asax.cs
    [Source Line Number]
        59
    [Message content]
        Object reference not set to an instance of an object.
    [Stack on the internal exception]
    [Exception class]      System.NullReferenceException
    [Exception message]    Object reference not set to an instance of an object.
    [Exception stack trace]   at Web.WebApiApplication.Application_PostAuthenticateRequest(Object sender, EventArgs e) in D:\Document\meme-app\Framework\Web\Global.asax.cs:line 129
   at System.Web.HttpApplication.SyncEventExecutionStep.System.Web.HttpApplication.IExecutionStep.Execute()
   at System.Web.HttpApplication.ExecuteStep(IExecutionStep step, Boolean& completedSynchronously)
</Exception details>



2016-03-24 14:57:13,194 [9] ERROR: 
<Exception details>
    We have detected an exception. Message output start
    [Date and time of occurrence]
        2016/03/24 07:57:13
    [Member Name]
        Application_Error
    [Source Path]
        D:\Document\meme-app\Framework\Web\Global.asax.cs
    [Source Line Number]
        59
    [Message content]
        Object reference not set to an instance of an object.
    [Stack on the internal exception]
    [Exception class]      System.NullReferenceException
    [Exception message]    Object reference not set to an instance of an object.
    [Exception stack trace]   at Web.WebApiApplication.Application_PostAuthenticateRequest(Object sender, EventArgs e) in D:\Document\meme-app\Framework\Web\Global.asax.cs:line 129
   at System.Web.HttpApplication.SyncEventExecutionStep.System.Web.HttpApplication.IExecutionStep.Execute()
   at System.Web.HttpApplication.ExecuteStep(IExecutionStep step, Boolean& completedSynchronously)
</Exception details>



2016-03-24 14:57:13,715 [7] ERROR: 
<Exception details>
    We have detected an exception. Message output start
    [Date and time of occurrence]
        2016/03/24 07:57:13
    [Member Name]
        Application_Error
    [Source Path]
        D:\Document\meme-app\Framework\Web\Global.asax.cs
    [Source Line Number]
        59
    [Message content]
        Object reference not set to an instance of an object.
    [Stack on the internal exception]
    [Exception class]      System.NullReferenceException
    [Exception message]    Object reference not set to an instance of an object.
    [Exception stack trace]   at Web.WebApiApplication.Application_PostAuthenticateRequest(Object sender, EventArgs e) in D:\Document\meme-app\Framework\Web\Global.asax.cs:line 129
   at System.Web.HttpApplication.SyncEventExecutionStep.System.Web.HttpApplication.IExecutionStep.Execute()
   at System.Web.HttpApplication.ExecuteStep(IExecutionStep step, Boolean& completedSynchronously)
</Exception details>



2016-03-24 14:57:13,966 [5] ERROR: 
<Exception details>
    We have detected an exception. Message output start
    [Date and time of occurrence]
        2016/03/24 07:57:13
    [Member Name]
        Application_Error
    [Source Path]
        D:\Document\meme-app\Framework\Web\Global.asax.cs
    [Source Line Number]
        59
    [Message content]
        Object reference not set to an instance of an object.
    [Stack on the internal exception]
    [Exception class]      System.NullReferenceException
    [Exception message]    Object reference not set to an instance of an object.
    [Exception stack trace]   at Web.WebApiApplication.Application_PostAuthenticateRequest(Object sender, EventArgs e) in D:\Document\meme-app\Framework\Web\Global.asax.cs:line 129
   at System.Web.HttpApplication.SyncEventExecutionStep.System.Web.HttpApplication.IExecutionStep.Execute()
   at System.Web.HttpApplication.ExecuteStep(IExecutionStep step, Boolean& completedSynchronously)
</Exception details>



2016-03-24 14:57:14,265 [9] ERROR: 
<Exception details>
    We have detected an exception. Message output start
    [Date and time of occurrence]
        2016/03/24 07:57:14
    [Member Name]
        Application_Error
    [Source Path]
        D:\Document\meme-app\Framework\Web\Global.asax.cs
    [Source Line Number]
        59
    [Message content]
        Object reference not set to an instance of an object.
    [Stack on the internal exception]
    [Exception class]      System.NullReferenceException
    [Exception message]    Object reference not set to an instance of an object.
    [Exception stack trace]   at Web.WebApiApplication.Application_PostAuthenticateRequest(Object sender, EventArgs e) in D:\Document\meme-app\Framework\Web\Global.asax.cs:line 129
   at System.Web.HttpApplication.SyncEventExecutionStep.System.Web.HttpApplication.IExecutionStep.Execute()
   at System.Web.HttpApplication.ExecuteStep(IExecutionStep step, Boolean& completedSynchronously)
</Exception details>



2016-03-24 14:57:14,479 [8] ERROR: 
<Exception details>
    We have detected an exception. Message output start
    [Date and time of occurrence]
        2016/03/24 07:57:14
    [Member Name]
        Application_Error
    [Source Path]
        D:\Document\meme-app\Framework\Web\Global.asax.cs
    [Source Line Number]
        59
    [Message content]
        Object reference not set to an instance of an object.
    [Stack on the internal exception]
    [Exception class]      System.NullReferenceException
    [Exception message]    Object reference not set to an instance of an object.
    [Exception stack trace]   at Web.WebApiApplication.Application_PostAuthenticateRequest(Object sender, EventArgs e) in D:\Document\meme-app\Framework\Web\Global.asax.cs:line 129
   at System.Web.HttpApplication.SyncEventExecutionStep.System.Web.HttpApplication.IExecutionStep.Execute()
   at System.Web.HttpApplication.ExecuteStep(IExecutionStep step, Boolean& completedSynchronously)
</Exception details>



2016-03-24 14:57:14,702 [5] ERROR: 
<Exception details>
    We have detected an exception. Message output start
    [Date and time of occurrence]
        2016/03/24 07:57:14
    [Member Name]
        Application_Error
    [Source Path]
        D:\Document\meme-app\Framework\Web\Global.asax.cs
    [Source Line Number]
        59
    [Message content]
        Object reference not set to an instance of an object.
    [Stack on the internal exception]
    [Exception class]      System.NullReferenceException
    [Exception message]    Object reference not set to an instance of an object.
    [Exception stack trace]   at Web.WebApiApplication.Application_PostAuthenticateRequest(Object sender, EventArgs e) in D:\Document\meme-app\Framework\Web\Global.asax.cs:line 129
   at System.Web.HttpApplication.SyncEventExecutionStep.System.Web.HttpApplication.IExecutionStep.Execute()
   at System.Web.HttpApplication.ExecuteStep(IExecutionStep step, Boolean& completedSynchronously)
</Exception details>



2016-03-24 14:57:14,909 [8] ERROR: 
<Exception details>
    We have detected an exception. Message output start
    [Date and time of occurrence]
        2016/03/24 07:57:14
    [Member Name]
        Application_Error
    [Source Path]
        D:\Document\meme-app\Framework\Web\Global.asax.cs
    [Source Line Number]
        59
    [Message content]
        Object reference not set to an instance of an object.
    [Stack on the internal exception]
    [Exception class]      System.NullReferenceException
    [Exception message]    Object reference not set to an instance of an object.
    [Exception stack trace]   at Web.WebApiApplication.Application_PostAuthenticateRequest(Object sender, EventArgs e) in D:\Document\meme-app\Framework\Web\Global.asax.cs:line 129
   at System.Web.HttpApplication.SyncEventExecutionStep.System.Web.HttpApplication.IExecutionStep.Execute()
   at System.Web.HttpApplication.ExecuteStep(IExecutionStep step, Boolean& completedSynchronously)
</Exception details>



2016-03-24 14:57:15,161 [9] ERROR: 
<Exception details>
    We have detected an exception. Message output start
    [Date and time of occurrence]
        2016/03/24 07:57:15
    [Member Name]
        Application_Error
    [Source Path]
        D:\Document\meme-app\Framework\Web\Global.asax.cs
    [Source Line Number]
        59
    [Message content]
        Object reference not set to an instance of an object.
    [Stack on the internal exception]
    [Exception class]      System.NullReferenceException
    [Exception message]    Object reference not set to an instance of an object.
    [Exception stack trace]   at Web.WebApiApplication.Application_PostAuthenticateRequest(Object sender, EventArgs e) in D:\Document\meme-app\Framework\Web\Global.asax.cs:line 129
   at System.Web.HttpApplication.SyncEventExecutionStep.System.Web.HttpApplication.IExecutionStep.Execute()
   at System.Web.HttpApplication.ExecuteStep(IExecutionStep step, Boolean& completedSynchronously)
</Exception details>



2016-03-24 14:57:15,373 [8] ERROR: 
<Exception details>
    We have detected an exception. Message output start
    [Date and time of occurrence]
        2016/03/24 07:57:15
    [Member Name]
        Application_Error
    [Source Path]
        D:\Document\meme-app\Framework\Web\Global.asax.cs
    [Source Line Number]
        59
    [Message content]
        Object reference not set to an instance of an object.
    [Stack on the internal exception]
    [Exception class]      System.NullReferenceException
    [Exception message]    Object reference not set to an instance of an object.
    [Exception stack trace]   at Web.WebApiApplication.Application_PostAuthenticateRequest(Object sender, EventArgs e) in D:\Document\meme-app\Framework\Web\Global.asax.cs:line 129
   at System.Web.HttpApplication.SyncEventExecutionStep.System.Web.HttpApplication.IExecutionStep.Execute()
   at System.Web.HttpApplication.ExecuteStep(IExecutionStep step, Boolean& completedSynchronously)
</Exception details>



2016-03-24 14:57:15,572 [5] ERROR: 
<Exception details>
    We have detected an exception. Message output start
    [Date and time of occurrence]
        2016/03/24 07:57:15
    [Member Name]
        Application_Error
    [Source Path]
        D:\Document\meme-app\Framework\Web\Global.asax.cs
    [Source Line Number]
        59
    [Message content]
        Object reference not set to an instance of an object.
    [Stack on the internal exception]
    [Exception class]      System.NullReferenceException
    [Exception message]    Object reference not set to an instance of an object.
    [Exception stack trace]   at Web.WebApiApplication.Application_PostAuthenticateRequest(Object sender, EventArgs e) in D:\Document\meme-app\Framework\Web\Global.asax.cs:line 129
   at System.Web.HttpApplication.SyncEventExecutionStep.System.Web.HttpApplication.IExecutionStep.Execute()
   at System.Web.HttpApplication.ExecuteStep(IExecutionStep step, Boolean& completedSynchronously)
</Exception details>



2016-03-24 14:57:15,757 [5] ERROR: 
<Exception details>
    We have detected an exception. Message output start
    [Date and time of occurrence]
        2016/03/24 07:57:15
    [Member Name]
        Application_Error
    [Source Path]
        D:\Document\meme-app\Framework\Web\Global.asax.cs
    [Source Line Number]
        59
    [Message content]
        Object reference not set to an instance of an object.
    [Stack on the internal exception]
    [Exception class]      System.NullReferenceException
    [Exception message]    Object reference not set to an instance of an object.
    [Exception stack trace]   at Web.WebApiApplication.Application_PostAuthenticateRequest(Object sender, EventArgs e) in D:\Document\meme-app\Framework\Web\Global.asax.cs:line 129
   at System.Web.HttpApplication.SyncEventExecutionStep.System.Web.HttpApplication.IExecutionStep.Execute()
   at System.Web.HttpApplication.ExecuteStep(IExecutionStep step, Boolean& completedSynchronously)
</Exception details>



2016-03-24 14:57:15,972 [8] ERROR: 
<Exception details>
    We have detected an exception. Message output start
    [Date and time of occurrence]
        2016/03/24 07:57:15
    [Member Name]
        Application_Error
    [Source Path]
        D:\Document\meme-app\Framework\Web\Global.asax.cs
    [Source Line Number]
        59
    [Message content]
        Object reference not set to an instance of an object.
    [Stack on the internal exception]
    [Exception class]      System.NullReferenceException
    [Exception message]    Object reference not set to an instance of an object.
    [Exception stack trace]   at Web.WebApiApplication.Application_PostAuthenticateRequest(Object sender, EventArgs e) in D:\Document\meme-app\Framework\Web\Global.asax.cs:line 129
   at System.Web.HttpApplication.SyncEventExecutionStep.System.Web.HttpApplication.IExecutionStep.Execute()
   at System.Web.HttpApplication.ExecuteStep(IExecutionStep step, Boolean& completedSynchronously)
</Exception details>



2016-03-24 14:57:16,184 [9] ERROR: 
<Exception details>
    We have detected an exception. Message output start
    [Date and time of occurrence]
        2016/03/24 07:57:16
    [Member Name]
        Application_Error
    [Source Path]
        D:\Document\meme-app\Framework\Web\Global.asax.cs
    [Source Line Number]
        59
    [Message content]
        Object reference not set to an instance of an object.
    [Stack on the internal exception]
    [Exception class]      System.NullReferenceException
    [Exception message]    Object reference not set to an instance of an object.
    [Exception stack trace]   at Web.WebApiApplication.Application_PostAuthenticateRequest(Object sender, EventArgs e) in D:\Document\meme-app\Framework\Web\Global.asax.cs:line 129
   at System.Web.HttpApplication.SyncEventExecutionStep.System.Web.HttpApplication.IExecutionStep.Execute()
   at System.Web.HttpApplication.ExecuteStep(IExecutionStep step, Boolean& completedSynchronously)
</Exception details>



2016-03-24 14:57:16,375 [7] ERROR: 
<Exception details>
    We have detected an exception. Message output start
    [Date and time of occurrence]
        2016/03/24 07:57:16
    [Member Name]
        Application_Error
    [Source Path]
        D:\Document\meme-app\Framework\Web\Global.asax.cs
    [Source Line Number]
        59
    [Message content]
        Object reference not set to an instance of an object.
    [Stack on the internal exception]
    [Exception class]      System.NullReferenceException
    [Exception message]    Object reference not set to an instance of an object.
    [Exception stack trace]   at Web.WebApiApplication.Application_PostAuthenticateRequest(Object sender, EventArgs e) in D:\Document\meme-app\Framework\Web\Global.asax.cs:line 129
   at System.Web.HttpApplication.SyncEventExecutionStep.System.Web.HttpApplication.IExecutionStep.Execute()
   at System.Web.HttpApplication.ExecuteStep(IExecutionStep step, Boolean& completedSynchronously)
</Exception details>



2016-03-24 14:57:16,584 [9] ERROR: 
<Exception details>
    We have detected an exception. Message output start
    [Date and time of occurrence]
        2016/03/24 07:57:16
    [Member Name]
        Application_Error
    [Source Path]
        D:\Document\meme-app\Framework\Web\Global.asax.cs
    [Source Line Number]
        59
    [Message content]
        Object reference not set to an instance of an object.
    [Stack on the internal exception]
    [Exception class]      System.NullReferenceException
    [Exception message]    Object reference not set to an instance of an object.
    [Exception stack trace]   at Web.WebApiApplication.Application_PostAuthenticateRequest(Object sender, EventArgs e) in D:\Document\meme-app\Framework\Web\Global.asax.cs:line 129
   at System.Web.HttpApplication.SyncEventExecutionStep.System.Web.HttpApplication.IExecutionStep.Execute()
   at System.Web.HttpApplication.ExecuteStep(IExecutionStep step, Boolean& completedSynchronously)
</Exception details>



2016-03-24 14:57:16,783 [8] ERROR: 
<Exception details>
    We have detected an exception. Message output start
    [Date and time of occurrence]
        2016/03/24 07:57:16
    [Member Name]
        Application_Error
    [Source Path]
        D:\Document\meme-app\Framework\Web\Global.asax.cs
    [Source Line Number]
        59
    [Message content]
        Object reference not set to an instance of an object.
    [Stack on the internal exception]
    [Exception class]      System.NullReferenceException
    [Exception message]    Object reference not set to an instance of an object.
    [Exception stack trace]   at Web.WebApiApplication.Application_PostAuthenticateRequest(Object sender, EventArgs e) in D:\Document\meme-app\Framework\Web\Global.asax.cs:line 129
   at System.Web.HttpApplication.SyncEventExecutionStep.System.Web.HttpApplication.IExecutionStep.Execute()
   at System.Web.HttpApplication.ExecuteStep(IExecutionStep step, Boolean& completedSynchronously)
</Exception details>



2016-03-24 14:57:16,990 [7] ERROR: 
<Exception details>
    We have detected an exception. Message output start
    [Date and time of occurrence]
        2016/03/24 07:57:16
    [Member Name]
        Application_Error
    [Source Path]
        D:\Document\meme-app\Framework\Web\Global.asax.cs
    [Source Line Number]
        59
    [Message content]
        Object reference not set to an instance of an object.
    [Stack on the internal exception]
    [Exception class]      System.NullReferenceException
    [Exception message]    Object reference not set to an instance of an object.
    [Exception stack trace]   at Web.WebApiApplication.Application_PostAuthenticateRequest(Object sender, EventArgs e) in D:\Document\meme-app\Framework\Web\Global.asax.cs:line 129
   at System.Web.HttpApplication.SyncEventExecutionStep.System.Web.HttpApplication.IExecutionStep.Execute()
   at System.Web.HttpApplication.ExecuteStep(IExecutionStep step, Boolean& completedSynchronously)
</Exception details>



2016-03-24 14:57:21,218 [9] ERROR: 
<Exception details>
    We have detected an exception. Message output start
    [Date and time of occurrence]
        2016/03/24 07:57:21
    [Member Name]
        Application_Error
    [Source Path]
        D:\Document\meme-app\Framework\Web\Global.asax.cs
    [Source Line Number]
        59
    [Message content]
        Object reference not set to an instance of an object.
    [Stack on the internal exception]
    [Exception class]      System.NullReferenceException
    [Exception message]    Object reference not set to an instance of an object.
    [Exception stack trace]   at Web.WebApiApplication.Application_PostAuthenticateRequest(Object sender, EventArgs e) in D:\Document\meme-app\Framework\Web\Global.asax.cs:line 129
   at System.Web.HttpApplication.SyncEventExecutionStep.System.Web.HttpApplication.IExecutionStep.Execute()
   at System.Web.HttpApplication.ExecuteStep(IExecutionStep step, Boolean& completedSynchronously)
</Exception details>



2016-03-24 14:57:21,622 [9] ERROR: 
<Exception details>
    We have detected an exception. Message output start
    [Date and time of occurrence]
        2016/03/24 07:57:21
    [Member Name]
        Application_Error
    [Source Path]
        D:\Document\meme-app\Framework\Web\Global.asax.cs
    [Source Line Number]
        59
    [Message content]
        Object reference not set to an instance of an object.
    [Stack on the internal exception]
    [Exception class]      System.NullReferenceException
    [Exception message]    Object reference not set to an instance of an object.
    [Exception stack trace]   at Web.WebApiApplication.Application_PostAuthenticateRequest(Object sender, EventArgs e) in D:\Document\meme-app\Framework\Web\Global.asax.cs:line 129
   at System.Web.HttpApplication.SyncEventExecutionStep.System.Web.HttpApplication.IExecutionStep.Execute()
   at System.Web.HttpApplication.ExecuteStep(IExecutionStep step, Boolean& completedSynchronously)
</Exception details>



2016-03-24 14:57:21,876 [5] ERROR: 
<Exception details>
    We have detected an exception. Message output start
    [Date and time of occurrence]
        2016/03/24 07:57:21
    [Member Name]
        Application_Error
    [Source Path]
        D:\Document\meme-app\Framework\Web\Global.asax.cs
    [Source Line Number]
        59
    [Message content]
        Object reference not set to an instance of an object.
    [Stack on the internal exception]
    [Exception class]      System.NullReferenceException
    [Exception message]    Object reference not set to an instance of an object.
    [Exception stack trace]   at Web.WebApiApplication.Application_PostAuthenticateRequest(Object sender, EventArgs e) in D:\Document\meme-app\Framework\Web\Global.asax.cs:line 129
   at System.Web.HttpApplication.SyncEventExecutionStep.System.Web.HttpApplication.IExecutionStep.Execute()
   at System.Web.HttpApplication.ExecuteStep(IExecutionStep step, Boolean& completedSynchronously)
</Exception details>



2016-03-24 14:57:22,064 [9] ERROR: 
<Exception details>
    We have detected an exception. Message output start
    [Date and time of occurrence]
        2016/03/24 07:57:22
    [Member Name]
        Application_Error
    [Source Path]
        D:\Document\meme-app\Framework\Web\Global.asax.cs
    [Source Line Number]
        59
    [Message content]
        Object reference not set to an instance of an object.
    [Stack on the internal exception]
    [Exception class]      System.NullReferenceException
    [Exception message]    Object reference not set to an instance of an object.
    [Exception stack trace]   at Web.WebApiApplication.Application_PostAuthenticateRequest(Object sender, EventArgs e) in D:\Document\meme-app\Framework\Web\Global.asax.cs:line 129
   at System.Web.HttpApplication.SyncEventExecutionStep.System.Web.HttpApplication.IExecutionStep.Execute()
   at System.Web.HttpApplication.ExecuteStep(IExecutionStep step, Boolean& completedSynchronously)
</Exception details>



2016-03-24 14:57:22,299 [7] ERROR: 
<Exception details>
    We have detected an exception. Message output start
    [Date and time of occurrence]
        2016/03/24 07:57:22
    [Member Name]
        Application_Error
    [Source Path]
        D:\Document\meme-app\Framework\Web\Global.asax.cs
    [Source Line Number]
        59
    [Message content]
        Object reference not set to an instance of an object.
    [Stack on the internal exception]
    [Exception class]      System.NullReferenceException
    [Exception message]    Object reference not set to an instance of an object.
    [Exception stack trace]   at Web.WebApiApplication.Application_PostAuthenticateRequest(Object sender, EventArgs e) in D:\Document\meme-app\Framework\Web\Global.asax.cs:line 129
   at System.Web.HttpApplication.SyncEventExecutionStep.System.Web.HttpApplication.IExecutionStep.Execute()
   at System.Web.HttpApplication.ExecuteStep(IExecutionStep step, Boolean& completedSynchronously)
</Exception details>



